<?xml version="1.0" encoding="UTF-8"?>
<beans xmlns="http://www.springframework.org/schema/beans"
       xmlns:xsi="http://www.w3.org/2001/XMLSchema-instance"
       xsi:schemaLocation="http://www.springframework.org/schema/beans http://www.springframework.org/schema/beans/spring-beans.xsd">

    <bean id="steveClassesProvider" class="org.meridor.steve.impl.EnumeratedClassesProvider">
        <constructor-arg>
            <array>
                <value type="java.lang.Class">org.meridor.steve.TestCollection</value>
                <value type="java.lang.Class">org.meridor.steve.TestJobImplementation</value>
            </array>
        </constructor-arg>
    </bean>

    <bean id="steveParameterInstanceProvider" class="org.meridor.steve.impl.EnumeratedParameterInstanceProvider">
        <constructor-arg>
            <array>
                <bean class="org.meridor.steve.LengthCalculatorImpl"/>
            </array>
        </constructor-arg>
    </bean>

</beans>